2021-11-29 08:50:45,759 INFO org.hibernate.validator.internal.util.Version [background-preinit] HV000001: Hibernate Validator 6.2.0.Final
2021-11-29 08:50:45,779 INFO com.LibraryManagementSystemApplication [main] Starting LibraryManagementSystemApplication using Java 17 on LIN51016658 with PID 10644 (C:\Users\JNADELLA\git\SpringLMSProject\LibraryManagementSystem\target\classes started by jnadella in C:\Users\JNADELLA\git\SpringLMSProject\LibraryManagementSystem)
2021-11-29 08:50:45,780 INFO com.LibraryManagementSystemApplication [main] No active profile set, falling back to default profiles: default
2021-11-29 08:50:46,982 INFO org.springframework.data.repository.config.RepositoryConfigurationDelegate [main] Bootstrapping Spring Data JPA repositories in DEFAULT mode.
2021-11-29 08:50:47,206 INFO org.springframework.data.repository.config.RepositoryConfigurationDelegate [main] Finished Spring Data repository scanning in 216 ms. Found 12 JPA repository interfaces.
2021-11-29 08:50:47,833 INFO org.springframework.boot.web.embedded.tomcat.TomcatWebServer [main] Tomcat initialized with port(s): 8080 (http)
2021-11-29 08:50:47,844 INFO org.apache.coyote.http11.Http11NioProtocol [main] Initializing ProtocolHandler ["http-nio-8080"]
2021-11-29 08:50:47,845 INFO org.apache.catalina.core.StandardService [main] Starting service [Tomcat]
2021-11-29 08:50:47,845 INFO org.apache.catalina.core.StandardEngine [main] Starting Servlet engine: [Apache Tomcat/9.0.54]
2021-11-29 08:50:47,971 INFO org.apache.catalina.core.ContainerBase.[Tomcat].[localhost].[/] [main] Initializing Spring embedded WebApplicationContext
2021-11-29 08:50:47,971 INFO org.springframework.boot.web.servlet.context.ServletWebServerApplicationContext [main] Root WebApplicationContext: initialization completed in 2133 ms
2021-11-29 08:50:48,193 INFO org.hibernate.jpa.internal.util.LogHelper [main] HHH000204: Processing PersistenceUnitInfo [name: default]
2021-11-29 08:50:48,279 INFO org.hibernate.Version [main] HHH000412: Hibernate ORM core version 5.4.32.Final
2021-11-29 08:50:48,461 INFO org.hibernate.annotations.common.Version [main] HCANN000001: Hibernate Commons Annotations {5.1.2.Final}
2021-11-29 08:50:48,569 INFO com.zaxxer.hikari.HikariDataSource [main] HikariPool-1 - Starting...
2021-11-29 08:50:49,108 INFO com.zaxxer.hikari.HikariDataSource [main] HikariPool-1 - Start completed.
2021-11-29 08:50:49,141 INFO org.hibernate.dialect.Dialect [main] HHH000400: Using dialect: org.hibernate.dialect.PostgreSQL10Dialect
2021-11-29 08:50:50,229 INFO org.hibernate.engine.transaction.jta.platform.internal.JtaPlatformInitiator [main] HHH000490: Using JtaPlatform implementation: [org.hibernate.engine.transaction.jta.platform.internal.NoJtaPlatform]
2021-11-29 08:50:50,239 INFO org.springframework.orm.jpa.LocalContainerEntityManagerFactoryBean [main] Initialized JPA EntityManagerFactory for persistence unit 'default'
2021-11-29 08:50:51,195 WARN org.springframework.boot.autoconfigure.orm.jpa.JpaBaseConfiguration$JpaWebConfiguration [main] spring.jpa.open-in-view is enabled by default. Therefore, database queries may be performed during view rendering. Explicitly configure spring.jpa.open-in-view to disable this warning
2021-11-29 08:50:52,012 INFO org.apache.coyote.http11.Http11NioProtocol [main] Starting ProtocolHandler ["http-nio-8080"]
2021-11-29 08:50:52,041 INFO org.springframework.boot.web.embedded.tomcat.TomcatWebServer [main] Tomcat started on port(s): 8080 (http) with context path ''
2021-11-29 08:50:52,707 INFO com.LibraryManagementSystemApplication [main] Started LibraryManagementSystemApplication in 7.252 seconds (JVM running for 8.1)
2021-11-29 08:51:08,853 INFO org.springframework.boot.admin.SpringApplicationAdminMXBeanRegistrar$SpringApplicationAdmin [RMI TCP Connection(2)-127.0.0.1] Application shutdown requested.
2021-11-29 08:51:08,889 INFO org.springframework.orm.jpa.LocalContainerEntityManagerFactoryBean [RMI TCP Connection(2)-127.0.0.1] Closing JPA EntityManagerFactory for persistence unit 'default'
2021-11-29 08:51:08,890 INFO org.hibernate.tool.schema.internal.SchemaDropperImpl$DelayedDropActionImpl [RMI TCP Connection(2)-127.0.0.1] HHH000477: Starting delayed evictData of schema as part of SessionFactory shut-down'
2021-11-29 08:51:08,944 INFO com.zaxxer.hikari.HikariDataSource [RMI TCP Connection(2)-127.0.0.1] HikariPool-1 - Shutdown initiated...
2021-11-29 08:51:08,947 INFO com.zaxxer.hikari.HikariDataSource [RMI TCP Connection(2)-127.0.0.1] HikariPool-1 - Shutdown completed.
2021-11-29 08:51:12,018 INFO org.hibernate.validator.internal.util.Version [background-preinit] HV000001: Hibernate Validator 6.2.0.Final
2021-11-29 08:51:12,032 INFO com.LibraryManagementSystemApplication [main] Starting LibraryManagementSystemApplication using Java 17 on LIN51016658 with PID 3304 (C:\Users\JNADELLA\git\SpringLMSProject\LibraryManagementSystem\target\classes started by jnadella in C:\Users\JNADELLA\git\SpringLMSProject\LibraryManagementSystem)
2021-11-29 08:51:12,033 INFO com.LibraryManagementSystemApplication [main] No active profile set, falling back to default profiles: default
2021-11-29 08:51:13,036 INFO org.springframework.data.repository.config.RepositoryConfigurationDelegate [main] Bootstrapping Spring Data JPA repositories in DEFAULT mode.
2021-11-29 08:51:13,194 INFO org.springframework.data.repository.config.RepositoryConfigurationDelegate [main] Finished Spring Data repository scanning in 152 ms. Found 12 JPA repository interfaces.
2021-11-29 08:51:13,697 INFO org.springframework.boot.web.embedded.tomcat.TomcatWebServer [main] Tomcat initialized with port(s): 8080 (http)
2021-11-29 08:51:13,704 INFO org.apache.coyote.http11.Http11NioProtocol [main] Initializing ProtocolHandler ["http-nio-8080"]
2021-11-29 08:51:13,704 INFO org.apache.catalina.core.StandardService [main] Starting service [Tomcat]
2021-11-29 08:51:13,704 INFO org.apache.catalina.core.StandardEngine [main] Starting Servlet engine: [Apache Tomcat/9.0.54]
2021-11-29 08:51:13,802 INFO org.apache.catalina.core.ContainerBase.[Tomcat].[localhost].[/] [main] Initializing Spring embedded WebApplicationContext
2021-11-29 08:51:13,802 INFO org.springframework.boot.web.servlet.context.ServletWebServerApplicationContext [main] Root WebApplicationContext: initialization completed in 1727 ms
2021-11-29 08:51:14,007 INFO org.hibernate.jpa.internal.util.LogHelper [main] HHH000204: Processing PersistenceUnitInfo [name: default]
2021-11-29 08:51:14,048 INFO org.hibernate.Version [main] HHH000412: Hibernate ORM core version 5.4.32.Final
2021-11-29 08:51:14,151 INFO org.hibernate.annotations.common.Version [main] HCANN000001: Hibernate Commons Annotations {5.1.2.Final}
2021-11-29 08:51:14,233 INFO com.zaxxer.hikari.HikariDataSource [main] HikariPool-1 - Starting...
2021-11-29 08:51:14,461 INFO com.zaxxer.hikari.HikariDataSource [main] HikariPool-1 - Start completed.
2021-11-29 08:51:14,488 INFO org.hibernate.dialect.Dialect [main] HHH000400: Using dialect: org.hibernate.dialect.PostgreSQL10Dialect
2021-11-29 08:51:15,277 WARN org.hibernate.engine.jdbc.spi.SqlExceptionHelper [main] SQL Warning Code: 0, SQLState: 00000
2021-11-29 08:51:15,278 WARN org.hibernate.engine.jdbc.spi.SqlExceptionHelper [main] constraint "uk_nvftxmjqrw58mlso45vpbb2y3" of relation "authors" does not exist, skipping
2021-11-29 08:51:15,283 WARN org.hibernate.engine.jdbc.spi.SqlExceptionHelper [main] SQL Warning Code: 0, SQLState: 00000
2021-11-29 08:51:15,284 WARN org.hibernate.engine.jdbc.spi.SqlExceptionHelper [main] constraint "uk_jmhavkj33euq43uhnucw7l5he" of relation "authors" does not exist, skipping
2021-11-29 08:51:15,287 WARN org.hibernate.engine.jdbc.spi.SqlExceptionHelper [main] SQL Warning Code: 0, SQLState: 00000
2021-11-29 08:51:15,287 WARN org.hibernate.engine.jdbc.spi.SqlExceptionHelper [main] constraint "uk_dr0lao6saxnmf0gui58cwrk68" of relation "authors" does not exist, skipping
2021-11-29 08:51:15,292 WARN org.hibernate.engine.jdbc.spi.SqlExceptionHelper [main] SQL Warning Code: 0, SQLState: 00000
2021-11-29 08:51:15,292 WARN org.hibernate.engine.jdbc.spi.SqlExceptionHelper [main] constraint "uk_n6pfh0fgx6wnvx0jnlca8rv3j" of relation "authors" does not exist, skipping
2021-11-29 08:51:15,296 WARN org.hibernate.engine.jdbc.spi.SqlExceptionHelper [main] SQL Warning Code: 0, SQLState: 00000
2021-11-29 08:51:15,297 WARN org.hibernate.engine.jdbc.spi.SqlExceptionHelper [main] constraint "uk_ne4dpau1p4k1rjsgfnwvau425" of relation "authors_books" does not exist, skipping
2021-11-29 08:51:15,301 WARN org.hibernate.engine.jdbc.spi.SqlExceptionHelper [main] SQL Warning Code: 0, SQLState: 00000
2021-11-29 08:51:15,301 WARN org.hibernate.engine.jdbc.spi.SqlExceptionHelper [main] constraint "uk_rguogx89y8hnfmn1od2x852ux" of relation "publishers" does not exist, skipping
2021-11-29 08:51:15,305 WARN org.hibernate.engine.jdbc.spi.SqlExceptionHelper [main] SQL Warning Code: 0, SQLState: 00000
2021-11-29 08:51:15,305 WARN org.hibernate.engine.jdbc.spi.SqlExceptionHelper [main] constraint "uk_181cduo2nrqq2jfgrs3ls23p7" of relation "publishers" does not exist, skipping
2021-11-29 08:51:15,310 WARN org.hibernate.engine.jdbc.spi.SqlExceptionHelper [main] SQL Warning Code: 0, SQLState: 00000
2021-11-29 08:51:15,310 WARN org.hibernate.engine.jdbc.spi.SqlExceptionHelper [main] constraint "uk_rba35sxmoilr2yitlb8xna1wl" of relation "publishers_books" does not exist, skipping
2021-11-29 08:51:15,314 WARN org.hibernate.engine.jdbc.spi.SqlExceptionHelper [main] SQL Warning Code: 0, SQLState: 00000
2021-11-29 08:51:15,314 WARN org.hibernate.engine.jdbc.spi.SqlExceptionHelper [main] constraint "uk_mnl8vx2peslby5w5qq49edjd4" of relation "users" does not exist, skipping
2021-11-29 08:51:15,318 WARN org.hibernate.engine.jdbc.spi.SqlExceptionHelper [main] SQL Warning Code: 0, SQLState: 00000
2021-11-29 08:51:15,318 WARN org.hibernate.engine.jdbc.spi.SqlExceptionHelper [main] constraint "uk_pdm2k8uagx4e5n8bpgw5fvrm9" of relation "users" does not exist, skipping
2021-11-29 08:51:15,322 WARN org.hibernate.engine.jdbc.spi.SqlExceptionHelper [main] SQL Warning Code: 0, SQLState: 00000
2021-11-29 08:51:15,323 WARN org.hibernate.engine.jdbc.spi.SqlExceptionHelper [main] constraint "uk_evcxfd71v0mw8tnrgrd0f42jf" of relation "users" does not exist, skipping
2021-11-29 08:51:15,352 INFO org.hibernate.engine.transaction.jta.platform.internal.JtaPlatformInitiator [main] HHH000490: Using JtaPlatform implementation: [org.hibernate.engine.transaction.jta.platform.internal.NoJtaPlatform]
2021-11-29 08:51:15,359 INFO org.springframework.orm.jpa.LocalContainerEntityManagerFactoryBean [main] Initialized JPA EntityManagerFactory for persistence unit 'default'
2021-11-29 08:51:16,171 WARN org.springframework.boot.autoconfigure.orm.jpa.JpaBaseConfiguration$JpaWebConfiguration [main] spring.jpa.open-in-view is enabled by default. Therefore, database queries may be performed during view rendering. Explicitly configure spring.jpa.open-in-view to disable this warning
2021-11-29 08:51:16,936 INFO org.apache.coyote.http11.Http11NioProtocol [main] Starting ProtocolHandler ["http-nio-8080"]
2021-11-29 08:51:16,959 INFO org.springframework.boot.web.embedded.tomcat.TomcatWebServer [main] Tomcat started on port(s): 8080 (http) with context path ''
2021-11-29 08:51:17,607 INFO com.LibraryManagementSystemApplication [main] Started LibraryManagementSystemApplication in 5.893 seconds (JVM running for 6.634)
2021-11-29 08:53:35,650 INFO org.apache.catalina.core.ContainerBase.[Tomcat].[localhost].[/] [http-nio-8080-exec-1] Initializing Spring DispatcherServlet 'dispatcherServlet'
2021-11-29 08:53:35,651 INFO org.springframework.web.servlet.DispatcherServlet [http-nio-8080-exec-1] Initializing Servlet 'dispatcherServlet'
2021-11-29 08:53:35,653 INFO org.springframework.web.servlet.DispatcherServlet [http-nio-8080-exec-1] Completed initialization in 2 ms
2021-11-29 08:56:46,994 INFO org.springframework.boot.admin.SpringApplicationAdminMXBeanRegistrar$SpringApplicationAdmin [RMI TCP Connection(9)-127.0.0.1] Application shutdown requested.
2021-11-29 08:56:47,028 INFO org.springframework.orm.jpa.LocalContainerEntityManagerFactoryBean [RMI TCP Connection(9)-127.0.0.1] Closing JPA EntityManagerFactory for persistence unit 'default'
2021-11-29 08:56:47,030 INFO com.zaxxer.hikari.HikariDataSource [RMI TCP Connection(9)-127.0.0.1] HikariPool-1 - Shutdown initiated...
2021-11-29 08:56:47,032 INFO com.zaxxer.hikari.HikariDataSource [RMI TCP Connection(9)-127.0.0.1] HikariPool-1 - Shutdown completed.
2021-11-29 08:56:49,922 INFO org.hibernate.validator.internal.util.Version [background-preinit] HV000001: Hibernate Validator 6.2.0.Final
2021-11-29 08:56:49,933 INFO com.LibraryManagementSystemApplication [main] Starting LibraryManagementSystemApplication using Java 17 on LIN51016658 with PID 2432 (C:\Users\JNADELLA\git\SpringLMSProject\LibraryManagementSystem\target\classes started by jnadella in C:\Users\JNADELLA\git\SpringLMSProject\LibraryManagementSystem)
2021-11-29 08:56:49,934 INFO com.LibraryManagementSystemApplication [main] No active profile set, falling back to default profiles: default
2021-11-29 08:56:50,975 INFO org.springframework.data.repository.config.RepositoryConfigurationDelegate [main] Bootstrapping Spring Data JPA repositories in DEFAULT mode.
2021-11-29 08:56:51,141 INFO org.springframework.data.repository.config.RepositoryConfigurationDelegate [main] Finished Spring Data repository scanning in 158 ms. Found 12 JPA repository interfaces.
2021-11-29 08:56:51,653 INFO org.springframework.boot.web.embedded.tomcat.TomcatWebServer [main] Tomcat initialized with port(s): 8080 (http)
2021-11-29 08:56:51,661 INFO org.apache.coyote.http11.Http11NioProtocol [main] Initializing ProtocolHandler ["http-nio-8080"]
2021-11-29 08:56:51,661 INFO org.apache.catalina.core.StandardService [main] Starting service [Tomcat]
2021-11-29 08:56:51,661 INFO org.apache.catalina.core.StandardEngine [main] Starting Servlet engine: [Apache Tomcat/9.0.54]
2021-11-29 08:56:51,766 INFO org.apache.catalina.core.ContainerBase.[Tomcat].[localhost].[/] [main] Initializing Spring embedded WebApplicationContext
2021-11-29 08:56:51,766 INFO org.springframework.boot.web.servlet.context.ServletWebServerApplicationContext [main] Root WebApplicationContext: initialization completed in 1792 ms
2021-11-29 08:56:51,966 INFO org.hibernate.jpa.internal.util.LogHelper [main] HHH000204: Processing PersistenceUnitInfo [name: default]
2021-11-29 08:56:52,006 INFO org.hibernate.Version [main] HHH000412: Hibernate ORM core version 5.4.32.Final
2021-11-29 08:56:52,103 INFO org.hibernate.annotations.common.Version [main] HCANN000001: Hibernate Commons Annotations {5.1.2.Final}
2021-11-29 08:56:52,193 INFO com.zaxxer.hikari.HikariDataSource [main] HikariPool-1 - Starting...
2021-11-29 08:56:52,431 INFO com.zaxxer.hikari.HikariDataSource [main] HikariPool-1 - Start completed.
2021-11-29 08:56:52,457 INFO org.hibernate.dialect.Dialect [main] HHH000400: Using dialect: org.hibernate.dialect.PostgreSQL10Dialect
2021-11-29 08:56:53,293 INFO org.hibernate.engine.transaction.jta.platform.internal.JtaPlatformInitiator [main] HHH000490: Using JtaPlatform implementation: [org.hibernate.engine.transaction.jta.platform.internal.NoJtaPlatform]
2021-11-29 08:56:53,300 INFO org.springframework.orm.jpa.LocalContainerEntityManagerFactoryBean [main] Initialized JPA EntityManagerFactory for persistence unit 'default'
2021-11-29 08:56:54,120 WARN org.springframework.boot.autoconfigure.orm.jpa.JpaBaseConfiguration$JpaWebConfiguration [main] spring.jpa.open-in-view is enabled by default. Therefore, database queries may be performed during view rendering. Explicitly configure spring.jpa.open-in-view to disable this warning
2021-11-29 08:56:54,954 INFO org.apache.coyote.http11.Http11NioProtocol [main] Starting ProtocolHandler ["http-nio-8080"]
2021-11-29 08:56:54,978 INFO org.springframework.boot.web.embedded.tomcat.TomcatWebServer [main] Tomcat started on port(s): 8080 (http) with context path ''
2021-11-29 08:56:55,636 INFO com.LibraryManagementSystemApplication [main] Started LibraryManagementSystemApplication in 5.992 seconds (JVM running for 6.764)
2021-11-29 08:57:06,612 INFO org.apache.catalina.core.ContainerBase.[Tomcat].[localhost].[/] [http-nio-8080-exec-1] Initializing Spring DispatcherServlet 'dispatcherServlet'
2021-11-29 08:57:06,612 INFO org.springframework.web.servlet.DispatcherServlet [http-nio-8080-exec-1] Initializing Servlet 'dispatcherServlet'
2021-11-29 08:57:06,614 INFO org.springframework.web.servlet.DispatcherServlet [http-nio-8080-exec-1] Completed initialization in 2 ms
2021-11-29 09:11:58,131 INFO org.springframework.boot.admin.SpringApplicationAdminMXBeanRegistrar$SpringApplicationAdmin [RMI TCP Connection(17)-127.0.0.1] Application shutdown requested.
2021-11-29 09:11:58,168 INFO org.springframework.orm.jpa.LocalContainerEntityManagerFactoryBean [RMI TCP Connection(17)-127.0.0.1] Closing JPA EntityManagerFactory for persistence unit 'default'
2021-11-29 09:11:58,170 INFO com.zaxxer.hikari.HikariDataSource [RMI TCP Connection(17)-127.0.0.1] HikariPool-1 - Shutdown initiated...
2021-11-29 09:11:58,172 INFO com.zaxxer.hikari.HikariDataSource [RMI TCP Connection(17)-127.0.0.1] HikariPool-1 - Shutdown completed.
2021-11-29 09:12:01,235 INFO org.hibernate.validator.internal.util.Version [background-preinit] HV000001: Hibernate Validator 6.2.0.Final
2021-11-29 09:12:01,247 INFO com.LibraryManagementSystemApplication [main] Starting LibraryManagementSystemApplication using Java 17 on LIN51016658 with PID 1064 (C:\Users\JNADELLA\git\SpringLMSProject\LibraryManagementSystem\target\classes started by jnadella in C:\Users\JNADELLA\git\SpringLMSProject\LibraryManagementSystem)
2021-11-29 09:12:01,247 INFO com.LibraryManagementSystemApplication [main] No active profile set, falling back to default profiles: default
2021-11-29 09:12:02,300 INFO org.springframework.data.repository.config.RepositoryConfigurationDelegate [main] Bootstrapping Spring Data JPA repositories in DEFAULT mode.
2021-11-29 09:12:02,460 INFO org.springframework.data.repository.config.RepositoryConfigurationDelegate [main] Finished Spring Data repository scanning in 154 ms. Found 12 JPA repository interfaces.
2021-11-29 09:12:02,960 INFO org.springframework.boot.web.embedded.tomcat.TomcatWebServer [main] Tomcat initialized with port(s): 8080 (http)
2021-11-29 09:12:02,967 INFO org.apache.coyote.http11.Http11NioProtocol [main] Initializing ProtocolHandler ["http-nio-8080"]
2021-11-29 09:12:02,968 INFO org.apache.catalina.core.StandardService [main] Starting service [Tomcat]
2021-11-29 09:12:02,968 INFO org.apache.catalina.core.StandardEngine [main] Starting Servlet engine: [Apache Tomcat/9.0.54]
2021-11-29 09:12:03,082 INFO org.apache.catalina.core.ContainerBase.[Tomcat].[localhost].[/] [main] Initializing Spring embedded WebApplicationContext
2021-11-29 09:12:03,082 INFO org.springframework.boot.web.servlet.context.ServletWebServerApplicationContext [main] Root WebApplicationContext: initialization completed in 1797 ms
2021-11-29 09:12:03,291 INFO org.hibernate.jpa.internal.util.LogHelper [main] HHH000204: Processing PersistenceUnitInfo [name: default]
2021-11-29 09:12:03,332 INFO org.hibernate.Version [main] HHH000412: Hibernate ORM core version 5.4.32.Final
2021-11-29 09:12:03,436 INFO org.hibernate.annotations.common.Version [main] HCANN000001: Hibernate Commons Annotations {5.1.2.Final}
2021-11-29 09:12:03,523 INFO com.zaxxer.hikari.HikariDataSource [main] HikariPool-1 - Starting...
2021-11-29 09:12:03,883 INFO com.zaxxer.hikari.HikariDataSource [main] HikariPool-1 - Start completed.
2021-11-29 09:12:03,910 INFO org.hibernate.dialect.Dialect [main] HHH000400: Using dialect: org.hibernate.dialect.PostgreSQL10Dialect
2021-11-29 09:12:04,826 INFO org.hibernate.engine.transaction.jta.platform.internal.JtaPlatformInitiator [main] HHH000490: Using JtaPlatform implementation: [org.hibernate.engine.transaction.jta.platform.internal.NoJtaPlatform]
2021-11-29 09:12:04,833 INFO org.springframework.orm.jpa.LocalContainerEntityManagerFactoryBean [main] Initialized JPA EntityManagerFactory for persistence unit 'default'
2021-11-29 09:12:05,677 WARN org.springframework.boot.autoconfigure.orm.jpa.JpaBaseConfiguration$JpaWebConfiguration [main] spring.jpa.open-in-view is enabled by default. Therefore, database queries may be performed during view rendering. Explicitly configure spring.jpa.open-in-view to disable this warning
2021-11-29 09:12:06,490 INFO org.apache.coyote.http11.Http11NioProtocol [main] Starting ProtocolHandler ["http-nio-8080"]
2021-11-29 09:12:06,517 INFO org.springframework.boot.web.embedded.tomcat.TomcatWebServer [main] Tomcat started on port(s): 8080 (http) with context path ''
2021-11-29 09:12:07,200 INFO com.LibraryManagementSystemApplication [main] Started LibraryManagementSystemApplication in 6.25 seconds (JVM running for 7.046)
2021-11-29 09:15:12,119 INFO org.apache.catalina.core.ContainerBase.[Tomcat].[localhost].[/] [http-nio-8080-exec-1] Initializing Spring DispatcherServlet 'dispatcherServlet'
2021-11-29 09:15:12,119 INFO org.springframework.web.servlet.DispatcherServlet [http-nio-8080-exec-1] Initializing Servlet 'dispatcherServlet'
2021-11-29 09:15:12,120 INFO org.springframework.web.servlet.DispatcherServlet [http-nio-8080-exec-1] Completed initialization in 1 ms
2021-11-29 10:02:02,598 INFO org.springframework.boot.admin.SpringApplicationAdminMXBeanRegistrar$SpringApplicationAdmin [RMI TCP Connection(53)-127.0.0.1] Application shutdown requested.
2021-11-29 10:02:02,638 INFO org.springframework.orm.jpa.LocalContainerEntityManagerFactoryBean [RMI TCP Connection(53)-127.0.0.1] Closing JPA EntityManagerFactory for persistence unit 'default'
2021-11-29 10:02:02,640 INFO com.zaxxer.hikari.HikariDataSource [RMI TCP Connection(53)-127.0.0.1] HikariPool-1 - Shutdown initiated...
2021-11-29 10:02:02,642 INFO com.zaxxer.hikari.HikariDataSource [RMI TCP Connection(53)-127.0.0.1] HikariPool-1 - Shutdown completed.
2021-11-29 10:02:05,948 INFO org.hibernate.validator.internal.util.Version [background-preinit] HV000001: Hibernate Validator 6.2.0.Final
2021-11-29 10:02:05,963 INFO com.LibraryManagementSystemApplication [main] Starting LibraryManagementSystemApplication using Java 17 on LIN51016658 with PID 15676 (C:\Users\JNADELLA\git\SpringLMSProject\LibraryManagementSystem\target\classes started by jnadella in C:\Users\JNADELLA\git\SpringLMSProject\LibraryManagementSystem)
2021-11-29 10:02:05,963 INFO com.LibraryManagementSystemApplication [main] No active profile set, falling back to default profiles: default
2021-11-29 10:02:07,110 INFO org.springframework.data.repository.config.RepositoryConfigurationDelegate [main] Bootstrapping Spring Data JPA repositories in DEFAULT mode.
2021-11-29 10:02:07,294 INFO org.springframework.data.repository.config.RepositoryConfigurationDelegate [main] Finished Spring Data repository scanning in 176 ms. Found 12 JPA repository interfaces.
2021-11-29 10:02:07,859 INFO org.springframework.boot.web.embedded.tomcat.TomcatWebServer [main] Tomcat initialized with port(s): 8080 (http)
2021-11-29 10:02:07,867 INFO org.apache.coyote.http11.Http11NioProtocol [main] Initializing ProtocolHandler ["http-nio-8080"]
2021-11-29 10:02:07,868 INFO org.apache.catalina.core.StandardService [main] Starting service [Tomcat]
2021-11-29 10:02:07,868 INFO org.apache.catalina.core.StandardEngine [main] Starting Servlet engine: [Apache Tomcat/9.0.54]
2021-11-29 10:02:07,982 INFO org.apache.catalina.core.ContainerBase.[Tomcat].[localhost].[/] [main] Initializing Spring embedded WebApplicationContext
2021-11-29 10:02:07,982 INFO org.springframework.boot.web.servlet.context.ServletWebServerApplicationContext [main] Root WebApplicationContext: initialization completed in 1970 ms
2021-11-29 10:02:08,220 INFO org.hibernate.jpa.internal.util.LogHelper [main] HHH000204: Processing PersistenceUnitInfo [name: default]
2021-11-29 10:02:08,268 INFO org.hibernate.Version [main] HHH000412: Hibernate ORM core version 5.4.32.Final
2021-11-29 10:02:08,376 INFO org.hibernate.annotations.common.Version [main] HCANN000001: Hibernate Commons Annotations {5.1.2.Final}
2021-11-29 10:02:08,470 INFO com.zaxxer.hikari.HikariDataSource [main] HikariPool-1 - Starting...
2021-11-29 10:02:08,725 INFO com.zaxxer.hikari.HikariDataSource [main] HikariPool-1 - Start completed.
2021-11-29 10:02:08,757 INFO org.hibernate.dialect.Dialect [main] HHH000400: Using dialect: org.hibernate.dialect.PostgreSQL10Dialect
2021-11-29 10:02:09,721 INFO org.hibernate.engine.transaction.jta.platform.internal.JtaPlatformInitiator [main] HHH000490: Using JtaPlatform implementation: [org.hibernate.engine.transaction.jta.platform.internal.NoJtaPlatform]
2021-11-29 10:02:09,729 INFO org.springframework.orm.jpa.LocalContainerEntityManagerFactoryBean [main] Initialized JPA EntityManagerFactory for persistence unit 'default'
2021-11-29 10:02:10,809 WARN org.springframework.boot.autoconfigure.orm.jpa.JpaBaseConfiguration$JpaWebConfiguration [main] spring.jpa.open-in-view is enabled by default. Therefore, database queries may be performed during view rendering. Explicitly configure spring.jpa.open-in-view to disable this warning
2021-11-29 10:02:11,889 INFO org.apache.coyote.http11.Http11NioProtocol [main] Starting ProtocolHandler ["http-nio-8080"]
2021-11-29 10:02:11,914 INFO org.springframework.boot.web.embedded.tomcat.TomcatWebServer [main] Tomcat started on port(s): 8080 (http) with context path ''
2021-11-29 10:02:12,688 INFO com.LibraryManagementSystemApplication [main] Started LibraryManagementSystemApplication in 7.029 seconds (JVM running for 7.902)
2021-11-29 10:02:42,761 INFO org.springframework.boot.admin.SpringApplicationAdminMXBeanRegistrar$SpringApplicationAdmin [RMI TCP Connection(4)-127.0.0.1] Application shutdown requested.
2021-11-29 10:02:42,796 INFO org.springframework.orm.jpa.LocalContainerEntityManagerFactoryBean [RMI TCP Connection(4)-127.0.0.1] Closing JPA EntityManagerFactory for persistence unit 'default'
2021-11-29 10:02:42,798 INFO com.zaxxer.hikari.HikariDataSource [RMI TCP Connection(4)-127.0.0.1] HikariPool-1 - Shutdown initiated...
2021-11-29 10:02:42,800 INFO com.zaxxer.hikari.HikariDataSource [RMI TCP Connection(4)-127.0.0.1] HikariPool-1 - Shutdown completed.
2021-11-29 10:02:45,810 INFO org.hibernate.validator.internal.util.Version [background-preinit] HV000001: Hibernate Validator 6.2.0.Final
2021-11-29 10:02:45,825 INFO com.LibraryManagementSystemApplication [main] Starting LibraryManagementSystemApplication using Java 17 on LIN51016658 with PID 8392 (C:\Users\JNADELLA\git\SpringLMSProject\LibraryManagementSystem\target\classes started by jnadella in C:\Users\JNADELLA\git\SpringLMSProject\LibraryManagementSystem)
2021-11-29 10:02:45,825 INFO com.LibraryManagementSystemApplication [main] No active profile set, falling back to default profiles: default
2021-11-29 10:02:46,907 INFO org.springframework.data.repository.config.RepositoryConfigurationDelegate [main] Bootstrapping Spring Data JPA repositories in DEFAULT mode.
2021-11-29 10:02:47,077 INFO org.springframework.data.repository.config.RepositoryConfigurationDelegate [main] Finished Spring Data repository scanning in 163 ms. Found 12 JPA repository interfaces.
2021-11-29 10:02:47,696 INFO org.springframework.boot.web.embedded.tomcat.TomcatWebServer [main] Tomcat initialized with port(s): 8080 (http)
2021-11-29 10:02:47,704 INFO org.apache.coyote.http11.Http11NioProtocol [main] Initializing ProtocolHandler ["http-nio-8080"]
2021-11-29 10:02:47,704 INFO org.apache.catalina.core.StandardService [main] Starting service [Tomcat]
2021-11-29 10:02:47,705 INFO org.apache.catalina.core.StandardEngine [main] Starting Servlet engine: [Apache Tomcat/9.0.54]
2021-11-29 10:02:47,839 INFO org.apache.catalina.core.ContainerBase.[Tomcat].[localhost].[/] [main] Initializing Spring embedded WebApplicationContext
2021-11-29 10:02:47,839 INFO org.springframework.boot.web.servlet.context.ServletWebServerApplicationContext [main] Root WebApplicationContext: initialization completed in 1970 ms
2021-11-29 10:02:48,133 INFO org.hibernate.jpa.internal.util.LogHelper [main] HHH000204: Processing PersistenceUnitInfo [name: default]
2021-11-29 10:02:48,178 INFO org.hibernate.Version [main] HHH000412: Hibernate ORM core version 5.4.32.Final
2021-11-29 10:02:48,290 INFO org.hibernate.annotations.common.Version [main] HCANN000001: Hibernate Commons Annotations {5.1.2.Final}
2021-11-29 10:02:48,377 INFO com.zaxxer.hikari.HikariDataSource [main] HikariPool-1 - Starting...
2021-11-29 10:02:48,611 INFO com.zaxxer.hikari.HikariDataSource [main] HikariPool-1 - Start completed.
2021-11-29 10:02:48,641 INFO org.hibernate.dialect.Dialect [main] HHH000400: Using dialect: org.hibernate.dialect.PostgreSQL10Dialect
2021-11-29 10:02:49,566 INFO org.hibernate.engine.transaction.jta.platform.internal.JtaPlatformInitiator [main] HHH000490: Using JtaPlatform implementation: [org.hibernate.engine.transaction.jta.platform.internal.NoJtaPlatform]
2021-11-29 10:02:49,575 INFO org.springframework.orm.jpa.LocalContainerEntityManagerFactoryBean [main] Initialized JPA EntityManagerFactory for persistence unit 'default'
2021-11-29 10:02:50,505 WARN org.springframework.boot.autoconfigure.orm.jpa.JpaBaseConfiguration$JpaWebConfiguration [main] spring.jpa.open-in-view is enabled by default. Therefore, database queries may be performed during view rendering. Explicitly configure spring.jpa.open-in-view to disable this warning
2021-11-29 10:02:51,411 INFO org.apache.coyote.http11.Http11NioProtocol [main] Starting ProtocolHandler ["http-nio-8080"]
2021-11-29 10:02:51,437 INFO org.springframework.boot.web.embedded.tomcat.TomcatWebServer [main] Tomcat started on port(s): 8080 (http) with context path ''
2021-11-29 10:02:52,133 INFO com.LibraryManagementSystemApplication [main] Started LibraryManagementSystemApplication in 6.623 seconds (JVM running for 7.514)
2021-11-29 10:03:04,950 INFO org.springframework.boot.admin.SpringApplicationAdminMXBeanRegistrar$SpringApplicationAdmin [RMI TCP Connection(2)-127.0.0.1] Application shutdown requested.
2021-11-29 10:03:04,987 INFO org.springframework.orm.jpa.LocalContainerEntityManagerFactoryBean [RMI TCP Connection(2)-127.0.0.1] Closing JPA EntityManagerFactory for persistence unit 'default'
2021-11-29 10:03:04,990 INFO com.zaxxer.hikari.HikariDataSource [RMI TCP Connection(2)-127.0.0.1] HikariPool-1 - Shutdown initiated...
2021-11-29 10:03:04,995 INFO com.zaxxer.hikari.HikariDataSource [RMI TCP Connection(2)-127.0.0.1] HikariPool-1 - Shutdown completed.
2021-11-29 10:03:08,126 INFO org.hibernate.validator.internal.util.Version [background-preinit] HV000001: Hibernate Validator 6.2.0.Final
2021-11-29 10:03:08,144 INFO com.LibraryManagementSystemApplication [main] Starting LibraryManagementSystemApplication using Java 17 on LIN51016658 with PID 15916 (C:\Users\JNADELLA\git\SpringLMSProject\LibraryManagementSystem\target\classes started by jnadella in C:\Users\JNADELLA\git\SpringLMSProject\LibraryManagementSystem)
2021-11-29 10:03:08,145 INFO com.LibraryManagementSystemApplication [main] No active profile set, falling back to default profiles: default
2021-11-29 10:03:09,302 INFO org.springframework.data.repository.config.RepositoryConfigurationDelegate [main] Bootstrapping Spring Data JPA repositories in DEFAULT mode.
2021-11-29 10:03:09,484 INFO org.springframework.data.repository.config.RepositoryConfigurationDelegate [main] Finished Spring Data repository scanning in 174 ms. Found 12 JPA repository interfaces.
2021-11-29 10:03:10,032 INFO org.springframework.boot.web.embedded.tomcat.TomcatWebServer [main] Tomcat initialized with port(s): 8080 (http)
2021-11-29 10:03:10,040 INFO org.apache.coyote.http11.Http11NioProtocol [main] Initializing ProtocolHandler ["http-nio-8080"]
2021-11-29 10:03:10,041 INFO org.apache.catalina.core.StandardService [main] Starting service [Tomcat]
2021-11-29 10:03:10,041 INFO org.apache.catalina.core.StandardEngine [main] Starting Servlet engine: [Apache Tomcat/9.0.54]
2021-11-29 10:03:10,180 INFO org.apache.catalina.core.ContainerBase.[Tomcat].[localhost].[/] [main] Initializing Spring embedded WebApplicationContext
2021-11-29 10:03:10,180 INFO org.springframework.boot.web.servlet.context.ServletWebServerApplicationContext [main] Root WebApplicationContext: initialization completed in 1989 ms
2021-11-29 10:03:10,401 INFO org.hibernate.jpa.internal.util.LogHelper [main] HHH000204: Processing PersistenceUnitInfo [name: default]
2021-11-29 10:03:10,442 INFO org.hibernate.Version [main] HHH000412: Hibernate ORM core version 5.4.32.Final
2021-11-29 10:03:10,555 INFO org.hibernate.annotations.common.Version [main] HCANN000001: Hibernate Commons Annotations {5.1.2.Final}
2021-11-29 10:03:10,644 INFO com.zaxxer.hikari.HikariDataSource [main] HikariPool-1 - Starting...
2021-11-29 10:03:10,878 INFO com.zaxxer.hikari.HikariDataSource [main] HikariPool-1 - Start completed.
2021-11-29 10:03:10,912 INFO org.hibernate.dialect.Dialect [main] HHH000400: Using dialect: org.hibernate.dialect.PostgreSQL10Dialect
2021-11-29 10:03:11,936 INFO org.hibernate.engine.transaction.jta.platform.internal.JtaPlatformInitiator [main] HHH000490: Using JtaPlatform implementation: [org.hibernate.engine.transaction.jta.platform.internal.NoJtaPlatform]
2021-11-29 10:03:11,943 INFO org.springframework.orm.jpa.LocalContainerEntityManagerFactoryBean [main] Initialized JPA EntityManagerFactory for persistence unit 'default'
2021-11-29 10:03:12,938 WARN org.springframework.boot.autoconfigure.orm.jpa.JpaBaseConfiguration$JpaWebConfiguration [main] spring.jpa.open-in-view is enabled by default. Therefore, database queries may be performed during view rendering. Explicitly configure spring.jpa.open-in-view to disable this warning
2021-11-29 10:03:13,793 INFO org.apache.coyote.http11.Http11NioProtocol [main] Starting ProtocolHandler ["http-nio-8080"]
2021-11-29 10:03:13,819 INFO org.springframework.boot.web.embedded.tomcat.TomcatWebServer [main] Tomcat started on port(s): 8080 (http) with context path ''
2021-11-29 10:03:14,537 INFO com.LibraryManagementSystemApplication [main] Started LibraryManagementSystemApplication in 6.701 seconds (JVM running for 7.562)
2021-11-29 10:03:22,747 INFO org.apache.catalina.core.ContainerBase.[Tomcat].[localhost].[/] [http-nio-8080-exec-1] Initializing Spring DispatcherServlet 'dispatcherServlet'
2021-11-29 10:03:22,748 INFO org.springframework.web.servlet.DispatcherServlet [http-nio-8080-exec-1] Initializing Servlet 'dispatcherServlet'
2021-11-29 10:03:22,749 INFO org.springframework.web.servlet.DispatcherServlet [http-nio-8080-exec-1] Completed initialization in 1 ms
2021-11-29 10:22:38,740 INFO org.springframework.boot.admin.SpringApplicationAdminMXBeanRegistrar$SpringApplicationAdmin [RMI TCP Connection(23)-127.0.0.1] Application shutdown requested.
2021-11-29 10:22:38,779 INFO org.springframework.orm.jpa.LocalContainerEntityManagerFactoryBean [RMI TCP Connection(23)-127.0.0.1] Closing JPA EntityManagerFactory for persistence unit 'default'
2021-11-29 10:22:38,780 INFO com.zaxxer.hikari.HikariDataSource [RMI TCP Connection(23)-127.0.0.1] HikariPool-1 - Shutdown initiated...
2021-11-29 10:22:38,782 INFO com.zaxxer.hikari.HikariDataSource [RMI TCP Connection(23)-127.0.0.1] HikariPool-1 - Shutdown completed.
2021-11-29 10:22:41,616 INFO org.hibernate.validator.internal.util.Version [background-preinit] HV000001: Hibernate Validator 6.2.0.Final
2021-11-29 10:22:41,630 INFO com.LibraryManagementSystemApplication [main] Starting LibraryManagementSystemApplication using Java 17 on LIN51016658 with PID 15444 (C:\Users\JNADELLA\git\SpringLMSProject\LibraryManagementSystem\target\classes started by jnadella in C:\Users\JNADELLA\git\SpringLMSProject\LibraryManagementSystem)
2021-11-29 10:22:41,630 INFO com.LibraryManagementSystemApplication [main] No active profile set, falling back to default profiles: default
2021-11-29 10:22:42,725 INFO org.springframework.data.repository.config.RepositoryConfigurationDelegate [main] Bootstrapping Spring Data JPA repositories in DEFAULT mode.
2021-11-29 10:22:42,891 INFO org.springframework.data.repository.config.RepositoryConfigurationDelegate [main] Finished Spring Data repository scanning in 160 ms. Found 12 JPA repository interfaces.
2021-11-29 10:22:43,436 INFO org.springframework.boot.web.embedded.tomcat.TomcatWebServer [main] Tomcat initialized with port(s): 8080 (http)
2021-11-29 10:22:43,443 INFO org.apache.coyote.http11.Http11NioProtocol [main] Initializing ProtocolHandler ["http-nio-8080"]
2021-11-29 10:22:43,444 INFO org.apache.catalina.core.StandardService [main] Starting service [Tomcat]
2021-11-29 10:22:43,444 INFO org.apache.catalina.core.StandardEngine [main] Starting Servlet engine: [Apache Tomcat/9.0.54]
2021-11-29 10:22:43,554 INFO org.apache.catalina.core.ContainerBase.[Tomcat].[localhost].[/] [main] Initializing Spring embedded WebApplicationContext
2021-11-29 10:22:43,555 INFO org.springframework.boot.web.servlet.context.ServletWebServerApplicationContext [main] Root WebApplicationContext: initialization completed in 1883 ms
2021-11-29 10:22:43,763 INFO org.hibernate.jpa.internal.util.LogHelper [main] HHH000204: Processing PersistenceUnitInfo [name: default]
2021-11-29 10:22:43,803 INFO org.hibernate.Version [main] HHH000412: Hibernate ORM core version 5.4.32.Final
2021-11-29 10:22:43,910 INFO org.hibernate.annotations.common.Version [main] HCANN000001: Hibernate Commons Annotations {5.1.2.Final}
2021-11-29 10:22:43,995 INFO com.zaxxer.hikari.HikariDataSource [main] HikariPool-1 - Starting...
2021-11-29 10:22:44,237 INFO com.zaxxer.hikari.HikariDataSource [main] HikariPool-1 - Start completed.
2021-11-29 10:22:44,268 INFO org.hibernate.dialect.Dialect [main] HHH000400: Using dialect: org.hibernate.dialect.PostgreSQL10Dialect
2021-11-29 10:22:45,131 INFO org.hibernate.engine.transaction.jta.platform.internal.JtaPlatformInitiator [main] HHH000490: Using JtaPlatform implementation: [org.hibernate.engine.transaction.jta.platform.internal.NoJtaPlatform]
2021-11-29 10:22:45,138 INFO org.springframework.orm.jpa.LocalContainerEntityManagerFactoryBean [main] Initialized JPA EntityManagerFactory for persistence unit 'default'
2021-11-29 10:22:46,004 WARN org.springframework.boot.autoconfigure.orm.jpa.JpaBaseConfiguration$JpaWebConfiguration [main] spring.jpa.open-in-view is enabled by default. Therefore, database queries may be performed during view rendering. Explicitly configure spring.jpa.open-in-view to disable this warning
2021-11-29 10:22:46,874 INFO org.apache.coyote.http11.Http11NioProtocol [main] Starting ProtocolHandler ["http-nio-8080"]
2021-11-29 10:22:46,905 INFO org.springframework.boot.web.embedded.tomcat.TomcatWebServer [main] Tomcat started on port(s): 8080 (http) with context path ''
2021-11-29 10:22:47,618 INFO com.LibraryManagementSystemApplication [main] Started LibraryManagementSystemApplication in 6.292 seconds (JVM running for 7.079)
2021-11-29 10:23:47,914 INFO org.apache.catalina.core.ContainerBase.[Tomcat].[localhost].[/] [http-nio-8080-exec-1] Initializing Spring DispatcherServlet 'dispatcherServlet'
2021-11-29 10:23:47,915 INFO org.springframework.web.servlet.DispatcherServlet [http-nio-8080-exec-1] Initializing Servlet 'dispatcherServlet'
2021-11-29 10:23:47,916 INFO org.springframework.web.servlet.DispatcherServlet [http-nio-8080-exec-1] Completed initialization in 1 ms
2021-11-29 10:25:25,408 INFO org.springframework.boot.admin.SpringApplicationAdminMXBeanRegistrar$SpringApplicationAdmin [RMI TCP Connection(5)-127.0.0.1] Application shutdown requested.
2021-11-29 10:25:25,444 INFO org.springframework.orm.jpa.LocalContainerEntityManagerFactoryBean [RMI TCP Connection(5)-127.0.0.1] Closing JPA EntityManagerFactory for persistence unit 'default'
2021-11-29 10:25:25,445 INFO com.zaxxer.hikari.HikariDataSource [RMI TCP Connection(5)-127.0.0.1] HikariPool-1 - Shutdown initiated...
2021-11-29 10:25:25,447 INFO com.zaxxer.hikari.HikariDataSource [RMI TCP Connection(5)-127.0.0.1] HikariPool-1 - Shutdown completed.
2021-11-29 10:25:28,585 INFO org.hibernate.validator.internal.util.Version [background-preinit] HV000001: Hibernate Validator 6.2.0.Final
2021-11-29 10:25:28,600 INFO com.LibraryManagementSystemApplication [main] Starting LibraryManagementSystemApplication using Java 17 on LIN51016658 with PID 16632 (C:\Users\JNADELLA\git\SpringLMSProject\LibraryManagementSystem\target\classes started by jnadella in C:\Users\JNADELLA\git\SpringLMSProject\LibraryManagementSystem)
2021-11-29 10:25:28,600 INFO com.LibraryManagementSystemApplication [main] No active profile set, falling back to default profiles: default
2021-11-29 10:25:29,675 INFO org.springframework.data.repository.config.RepositoryConfigurationDelegate [main] Bootstrapping Spring Data JPA repositories in DEFAULT mode.
2021-11-29 10:25:29,891 INFO org.springframework.data.repository.config.RepositoryConfigurationDelegate [main] Finished Spring Data repository scanning in 207 ms. Found 12 JPA repository interfaces.
2021-11-29 10:25:30,558 INFO org.springframework.boot.web.embedded.tomcat.TomcatWebServer [main] Tomcat initialized with port(s): 8080 (http)
2021-11-29 10:25:30,566 INFO org.apache.coyote.http11.Http11NioProtocol [main] Initializing ProtocolHandler ["http-nio-8080"]
2021-11-29 10:25:30,567 INFO org.apache.catalina.core.StandardService [main] Starting service [Tomcat]
2021-11-29 10:25:30,567 INFO org.apache.catalina.core.StandardEngine [main] Starting Servlet engine: [Apache Tomcat/9.0.54]
2021-11-29 10:25:30,680 INFO org.apache.catalina.core.ContainerBase.[Tomcat].[localhost].[/] [main] Initializing Spring embedded WebApplicationContext
2021-11-29 10:25:30,681 INFO org.springframework.boot.web.servlet.context.ServletWebServerApplicationContext [main] Root WebApplicationContext: initialization completed in 2036 ms
2021-11-29 10:25:30,886 INFO org.hibernate.jpa.internal.util.LogHelper [main] HHH000204: Processing PersistenceUnitInfo [name: default]
2021-11-29 10:25:30,928 INFO org.hibernate.Version [main] HHH000412: Hibernate ORM core version 5.4.32.Final
2021-11-29 10:25:31,036 INFO org.hibernate.annotations.common.Version [main] HCANN000001: Hibernate Commons Annotations {5.1.2.Final}
2021-11-29 10:25:31,132 INFO com.zaxxer.hikari.HikariDataSource [main] HikariPool-1 - Starting...
2021-11-29 10:25:31,383 INFO com.zaxxer.hikari.HikariDataSource [main] HikariPool-1 - Start completed.
2021-11-29 10:25:31,410 INFO org.hibernate.dialect.Dialect [main] HHH000400: Using dialect: org.hibernate.dialect.PostgreSQL10Dialect
2021-11-29 10:25:32,322 INFO org.hibernate.engine.transaction.jta.platform.internal.JtaPlatformInitiator [main] HHH000490: Using JtaPlatform implementation: [org.hibernate.engine.transaction.jta.platform.internal.NoJtaPlatform]
2021-11-29 10:25:32,330 INFO org.springframework.orm.jpa.LocalContainerEntityManagerFactoryBean [main] Initialized JPA EntityManagerFactory for persistence unit 'default'
2021-11-29 10:25:33,246 WARN org.springframework.boot.autoconfigure.orm.jpa.JpaBaseConfiguration$JpaWebConfiguration [main] spring.jpa.open-in-view is enabled by default. Therefore, database queries may be performed during view rendering. Explicitly configure spring.jpa.open-in-view to disable this warning
2021-11-29 10:25:34,121 INFO org.apache.coyote.http11.Http11NioProtocol [main] Starting ProtocolHandler ["http-nio-8080"]
2021-11-29 10:25:34,145 INFO org.springframework.boot.web.embedded.tomcat.TomcatWebServer [main] Tomcat started on port(s): 8080 (http) with context path ''
2021-11-29 10:25:34,840 INFO com.LibraryManagementSystemApplication [main] Started LibraryManagementSystemApplication in 6.556 seconds (JVM running for 7.369)
2021-11-29 10:25:38,601 INFO org.apache.catalina.core.ContainerBase.[Tomcat].[localhost].[/] [http-nio-8080-exec-1] Initializing Spring DispatcherServlet 'dispatcherServlet'
2021-11-29 10:25:38,601 INFO org.springframework.web.servlet.DispatcherServlet [http-nio-8080-exec-1] Initializing Servlet 'dispatcherServlet'
2021-11-29 10:25:38,603 INFO org.springframework.web.servlet.DispatcherServlet [http-nio-8080-exec-1] Completed initialization in 1 ms
2021-11-29 10:27:12,254 INFO org.springframework.boot.admin.SpringApplicationAdminMXBeanRegistrar$SpringApplicationAdmin [RMI TCP Connection(6)-127.0.0.1] Application shutdown requested.
2021-11-29 10:27:12,276 INFO org.springframework.orm.jpa.LocalContainerEntityManagerFactoryBean [RMI TCP Connection(6)-127.0.0.1] Closing JPA EntityManagerFactory for persistence unit 'default'
2021-11-29 10:27:12,277 INFO com.zaxxer.hikari.HikariDataSource [RMI TCP Connection(6)-127.0.0.1] HikariPool-1 - Shutdown initiated...
2021-11-29 10:27:12,279 INFO com.zaxxer.hikari.HikariDataSource [RMI TCP Connection(6)-127.0.0.1] HikariPool-1 - Shutdown completed.
2021-11-29 10:27:14,829 INFO org.hibernate.validator.internal.util.Version [background-preinit] HV000001: Hibernate Validator 6.2.0.Final
2021-11-29 10:27:14,840 INFO com.LibraryManagementSystemApplication [main] Starting LibraryManagementSystemApplication using Java 17 on LIN51016658 with PID 15508 (C:\Users\JNADELLA\git\SpringLMSProject\LibraryManagementSystem\target\classes started by jnadella in C:\Users\JNADELLA\git\SpringLMSProject\LibraryManagementSystem)
2021-11-29 10:27:14,841 INFO com.LibraryManagementSystemApplication [main] No active profile set, falling back to default profiles: default
2021-11-29 10:27:15,729 INFO org.springframework.data.repository.config.RepositoryConfigurationDelegate [main] Bootstrapping Spring Data JPA repositories in DEFAULT mode.
2021-11-29 10:27:15,867 INFO org.springframework.data.repository.config.RepositoryConfigurationDelegate [main] Finished Spring Data repository scanning in 132 ms. Found 12 JPA repository interfaces.
2021-11-29 10:27:16,328 INFO org.springframework.boot.web.embedded.tomcat.TomcatWebServer [main] Tomcat initialized with port(s): 8080 (http)
2021-11-29 10:27:16,335 INFO org.apache.coyote.http11.Http11NioProtocol [main] Initializing ProtocolHandler ["http-nio-8080"]
2021-11-29 10:27:16,335 INFO org.apache.catalina.core.StandardService [main] Starting service [Tomcat]
2021-11-29 10:27:16,335 INFO org.apache.catalina.core.StandardEngine [main] Starting Servlet engine: [Apache Tomcat/9.0.54]
2021-11-29 10:27:16,429 INFO org.apache.catalina.core.ContainerBase.[Tomcat].[localhost].[/] [main] Initializing Spring embedded WebApplicationContext
2021-11-29 10:27:16,430 INFO org.springframework.boot.web.servlet.context.ServletWebServerApplicationContext [main] Root WebApplicationContext: initialization completed in 1557 ms
2021-11-29 10:27:16,610 INFO org.hibernate.jpa.internal.util.LogHelper [main] HHH000204: Processing PersistenceUnitInfo [name: default]
2021-11-29 10:27:16,646 INFO org.hibernate.Version [main] HHH000412: Hibernate ORM core version 5.4.32.Final
2021-11-29 10:27:16,795 INFO org.hibernate.annotations.common.Version [main] HCANN000001: Hibernate Commons Annotations {5.1.2.Final}
2021-11-29 10:27:16,871 INFO com.zaxxer.hikari.HikariDataSource [main] HikariPool-1 - Starting...
2021-11-29 10:27:17,187 INFO com.zaxxer.hikari.HikariDataSource [main] HikariPool-1 - Start completed.
2021-11-29 10:27:17,234 INFO org.hibernate.dialect.Dialect [main] HHH000400: Using dialect: org.hibernate.dialect.PostgreSQL10Dialect
2021-11-29 10:27:18,119 INFO org.hibernate.engine.transaction.jta.platform.internal.JtaPlatformInitiator [main] HHH000490: Using JtaPlatform implementation: [org.hibernate.engine.transaction.jta.platform.internal.NoJtaPlatform]
2021-11-29 10:27:18,128 INFO org.springframework.orm.jpa.LocalContainerEntityManagerFactoryBean [main] Initialized JPA EntityManagerFactory for persistence unit 'default'
2021-11-29 10:27:19,151 WARN org.springframework.boot.autoconfigure.orm.jpa.JpaBaseConfiguration$JpaWebConfiguration [main] spring.jpa.open-in-view is enabled by default. Therefore, database queries may be performed during view rendering. Explicitly configure spring.jpa.open-in-view to disable this warning
2021-11-29 10:27:20,294 INFO org.apache.coyote.http11.Http11NioProtocol [main] Starting ProtocolHandler ["http-nio-8080"]
2021-11-29 10:27:20,316 INFO org.springframework.boot.web.embedded.tomcat.TomcatWebServer [main] Tomcat started on port(s): 8080 (http) with context path ''
2021-11-29 10:27:20,938 INFO com.LibraryManagementSystemApplication [main] Started LibraryManagementSystemApplication in 6.337 seconds (JVM running for 7.003)
2021-11-29 10:27:48,805 INFO org.apache.catalina.core.ContainerBase.[Tomcat].[localhost].[/] [http-nio-8080-exec-1] Initializing Spring DispatcherServlet 'dispatcherServlet'
2021-11-29 10:27:48,805 INFO org.springframework.web.servlet.DispatcherServlet [http-nio-8080-exec-1] Initializing Servlet 'dispatcherServlet'
2021-11-29 10:27:48,807 INFO org.springframework.web.servlet.DispatcherServlet [http-nio-8080-exec-1] Completed initialization in 1 ms
2021-11-29 10:31:59,962 INFO org.springframework.boot.admin.SpringApplicationAdminMXBeanRegistrar$SpringApplicationAdmin [RMI TCP Connection(9)-127.0.0.1] Application shutdown requested.
2021-11-29 10:31:59,989 INFO org.springframework.orm.jpa.LocalContainerEntityManagerFactoryBean [RMI TCP Connection(9)-127.0.0.1] Closing JPA EntityManagerFactory for persistence unit 'default'
2021-11-29 10:31:59,992 INFO com.zaxxer.hikari.HikariDataSource [RMI TCP Connection(9)-127.0.0.1] HikariPool-1 - Shutdown initiated...
2021-11-29 10:31:59,994 INFO com.zaxxer.hikari.HikariDataSource [RMI TCP Connection(9)-127.0.0.1] HikariPool-1 - Shutdown completed.
2021-11-29 10:32:02,815 INFO org.hibernate.validator.internal.util.Version [background-preinit] HV000001: Hibernate Validator 6.2.0.Final
2021-11-29 10:32:02,828 INFO com.LibraryManagementSystemApplication [main] Starting LibraryManagementSystemApplication using Java 17 on LIN51016658 with PID 14532 (C:\Users\JNADELLA\git\SpringLMSProject\LibraryManagementSystem\target\classes started by jnadella in C:\Users\JNADELLA\git\SpringLMSProject\LibraryManagementSystem)
2021-11-29 10:32:02,829 INFO com.LibraryManagementSystemApplication [main] No active profile set, falling back to default profiles: default
2021-11-29 10:32:03,874 INFO org.springframework.data.repository.config.RepositoryConfigurationDelegate [main] Bootstrapping Spring Data JPA repositories in DEFAULT mode.
2021-11-29 10:32:04,038 INFO org.springframework.data.repository.config.RepositoryConfigurationDelegate [main] Finished Spring Data repository scanning in 155 ms. Found 12 JPA repository interfaces.
2021-11-29 10:32:04,552 INFO org.springframework.boot.web.embedded.tomcat.TomcatWebServer [main] Tomcat initialized with port(s): 8080 (http)
2021-11-29 10:32:04,560 INFO org.apache.coyote.http11.Http11NioProtocol [main] Initializing ProtocolHandler ["http-nio-8080"]
2021-11-29 10:32:04,560 INFO org.apache.catalina.core.StandardService [main] Starting service [Tomcat]
2021-11-29 10:32:04,561 INFO org.apache.catalina.core.StandardEngine [main] Starting Servlet engine: [Apache Tomcat/9.0.54]
2021-11-29 10:32:04,650 INFO org.apache.catalina.core.ContainerBase.[Tomcat].[localhost].[/] [main] Initializing Spring embedded WebApplicationContext
2021-11-29 10:32:04,650 INFO org.springframework.boot.web.servlet.context.ServletWebServerApplicationContext [main] Root WebApplicationContext: initialization completed in 1785 ms
2021-11-29 10:32:04,854 INFO org.hibernate.jpa.internal.util.LogHelper [main] HHH000204: Processing PersistenceUnitInfo [name: default]
2021-11-29 10:32:04,891 INFO org.hibernate.Version [main] HHH000412: Hibernate ORM core version 5.4.32.Final
2021-11-29 10:32:04,993 INFO org.hibernate.annotations.common.Version [main] HCANN000001: Hibernate Commons Annotations {5.1.2.Final}
2021-11-29 10:32:05,081 INFO com.zaxxer.hikari.HikariDataSource [main] HikariPool-1 - Starting...
2021-11-29 10:32:05,347 INFO com.zaxxer.hikari.HikariDataSource [main] HikariPool-1 - Start completed.
2021-11-29 10:32:05,374 INFO org.hibernate.dialect.Dialect [main] HHH000400: Using dialect: org.hibernate.dialect.PostgreSQL10Dialect
2021-11-29 10:32:06,272 INFO org.hibernate.engine.transaction.jta.platform.internal.JtaPlatformInitiator [main] HHH000490: Using JtaPlatform implementation: [org.hibernate.engine.transaction.jta.platform.internal.NoJtaPlatform]
2021-11-29 10:32:06,281 INFO org.springframework.orm.jpa.LocalContainerEntityManagerFactoryBean [main] Initialized JPA EntityManagerFactory for persistence unit 'default'
2021-11-29 10:32:07,554 WARN org.springframework.boot.autoconfigure.orm.jpa.JpaBaseConfiguration$JpaWebConfiguration [main] spring.jpa.open-in-view is enabled by default. Therefore, database queries may be performed during view rendering. Explicitly configure spring.jpa.open-in-view to disable this warning
2021-11-29 10:32:08,746 INFO org.apache.coyote.http11.Http11NioProtocol [main] Starting ProtocolHandler ["http-nio-8080"]
2021-11-29 10:32:08,774 INFO org.springframework.boot.web.embedded.tomcat.TomcatWebServer [main] Tomcat started on port(s): 8080 (http) with context path ''
2021-11-29 10:32:09,454 INFO com.LibraryManagementSystemApplication [main] Started LibraryManagementSystemApplication in 6.912 seconds (JVM running for 7.709)
2021-11-29 10:32:36,176 INFO org.apache.catalina.core.ContainerBase.[Tomcat].[localhost].[/] [http-nio-8080-exec-1] Initializing Spring DispatcherServlet 'dispatcherServlet'
2021-11-29 10:32:36,177 INFO org.springframework.web.servlet.DispatcherServlet [http-nio-8080-exec-1] Initializing Servlet 'dispatcherServlet'
2021-11-29 10:32:36,179 INFO org.springframework.web.servlet.DispatcherServlet [http-nio-8080-exec-1] Completed initialization in 2 ms
2021-11-29 11:16:37,912 INFO org.springframework.boot.admin.SpringApplicationAdminMXBeanRegistrar$SpringApplicationAdmin [RMI TCP Connection(49)-127.0.0.1] Application shutdown requested.
2021-11-29 11:16:37,939 INFO org.springframework.orm.jpa.LocalContainerEntityManagerFactoryBean [RMI TCP Connection(49)-127.0.0.1] Closing JPA EntityManagerFactory for persistence unit 'default'
2021-11-29 11:16:37,941 INFO com.zaxxer.hikari.HikariDataSource [RMI TCP Connection(49)-127.0.0.1] HikariPool-1 - Shutdown initiated...
2021-11-29 11:16:37,942 INFO com.zaxxer.hikari.HikariDataSource [RMI TCP Connection(49)-127.0.0.1] HikariPool-1 - Shutdown completed.
2021-11-29 11:16:41,635 INFO org.hibernate.validator.internal.util.Version [background-preinit] HV000001: Hibernate Validator 6.2.0.Final
2021-11-29 11:16:41,650 INFO com.LibraryManagementSystemApplication [main] Starting LibraryManagementSystemApplication using Java 17 on LIN51016658 with PID 16328 (C:\Users\JNADELLA\git\SpringLMSProject\LibraryManagementSystem\target\classes started by jnadella in C:\Users\JNADELLA\git\SpringLMSProject\LibraryManagementSystem)
2021-11-29 11:16:41,651 INFO com.LibraryManagementSystemApplication [main] No active profile set, falling back to default profiles: default
2021-11-29 11:16:42,627 INFO org.springframework.data.repository.config.RepositoryConfigurationDelegate [main] Bootstrapping Spring Data JPA repositories in DEFAULT mode.
2021-11-29 11:16:42,785 INFO org.springframework.data.repository.config.RepositoryConfigurationDelegate [main] Finished Spring Data repository scanning in 151 ms. Found 12 JPA repository interfaces.
2021-11-29 11:16:43,291 INFO org.springframework.boot.web.embedded.tomcat.TomcatWebServer [main] Tomcat initialized with port(s): 8080 (http)
2021-11-29 11:16:43,298 INFO org.apache.coyote.http11.Http11NioProtocol [main] Initializing ProtocolHandler ["http-nio-8080"]
2021-11-29 11:16:43,298 INFO org.apache.catalina.core.StandardService [main] Starting service [Tomcat]
2021-11-29 11:16:43,299 INFO org.apache.catalina.core.StandardEngine [main] Starting Servlet engine: [Apache Tomcat/9.0.54]
2021-11-29 11:16:43,394 INFO org.apache.catalina.core.ContainerBase.[Tomcat].[localhost].[/] [main] Initializing Spring embedded WebApplicationContext
2021-11-29 11:16:43,395 INFO org.springframework.boot.web.servlet.context.ServletWebServerApplicationContext [main] Root WebApplicationContext: initialization completed in 1704 ms
2021-11-29 11:16:43,581 INFO org.hibernate.jpa.internal.util.LogHelper [main] HHH000204: Processing PersistenceUnitInfo [name: default]
2021-11-29 11:16:43,616 INFO org.hibernate.Version [main] HHH000412: Hibernate ORM core version 5.4.32.Final
2021-11-29 11:16:43,719 INFO org.hibernate.annotations.common.Version [main] HCANN000001: Hibernate Commons Annotations {5.1.2.Final}
2021-11-29 11:16:43,801 INFO com.zaxxer.hikari.HikariDataSource [main] HikariPool-1 - Starting...
2021-11-29 11:16:44,019 INFO com.zaxxer.hikari.HikariDataSource [main] HikariPool-1 - Start completed.
2021-11-29 11:16:44,043 INFO org.hibernate.dialect.Dialect [main] HHH000400: Using dialect: org.hibernate.dialect.PostgreSQL10Dialect
2021-11-29 11:16:44,935 INFO org.hibernate.engine.transaction.jta.platform.internal.JtaPlatformInitiator [main] HHH000490: Using JtaPlatform implementation: [org.hibernate.engine.transaction.jta.platform.internal.NoJtaPlatform]
2021-11-29 11:16:44,942 INFO org.springframework.orm.jpa.LocalContainerEntityManagerFactoryBean [main] Initialized JPA EntityManagerFactory for persistence unit 'default'
2021-11-29 11:16:45,735 WARN org.springframework.boot.autoconfigure.orm.jpa.JpaBaseConfiguration$JpaWebConfiguration [main] spring.jpa.open-in-view is enabled by default. Therefore, database queries may be performed during view rendering. Explicitly configure spring.jpa.open-in-view to disable this warning
2021-11-29 11:16:46,509 INFO org.apache.coyote.http11.Http11NioProtocol [main] Starting ProtocolHandler ["http-nio-8080"]
2021-11-29 11:16:46,533 INFO org.springframework.boot.web.embedded.tomcat.TomcatWebServer [main] Tomcat started on port(s): 8080 (http) with context path ''
2021-11-29 11:16:47,176 INFO com.LibraryManagementSystemApplication [main] Started LibraryManagementSystemApplication in 5.794 seconds (JVM running for 6.509)
2021-11-29 11:16:50,935 INFO org.apache.catalina.core.ContainerBase.[Tomcat].[localhost].[/] [http-nio-8080-exec-1] Initializing Spring DispatcherServlet 'dispatcherServlet'
2021-11-29 11:16:50,935 INFO org.springframework.web.servlet.DispatcherServlet [http-nio-8080-exec-1] Initializing Servlet 'dispatcherServlet'
2021-11-29 11:16:50,935 INFO org.springframework.web.servlet.DispatcherServlet [http-nio-8080-exec-1] Completed initialization in 0 ms
